<?xml version="1.0" encoding="UTF-8"?>
<!-- Generated by org.testng.reporters.JUnitReportReporter -->
<testsuite name="TestNg.Q2" tests="1" time="12.009" ignored="0" failures="0" timestamp="16 Feb 2017 10:03:15 GMT" skipped="0" hostname="LAPTOP-A006EMOC" errors="0">
  <testcase name="f" time="12.009" classname="TestNg.Q2"/>
</testsuite> <!-- TestNg.Q2 -->
