<?xml version="1.0" encoding="UTF-8"?>
<!-- Generated by org.testng.reporters.JUnitReportReporter -->
<testsuite hostname="LAPTOP-A006EMOC" name="TestNg.Q2" tests="1" failures="0" timestamp="1 Mar 2017 05:21:39 GMT" time="6.707" errors="0">
  <testcase name="f" time="6.707" classname="TestNg.Q2"/>
</testsuite> <!-- TestNg.Q2 -->
