<?xml version="1.0" encoding="UTF-8"?>
<!-- Generated by org.testng.reporters.JUnitReportReporter -->
<testsuite hostname="LAPTOP-A006EMOC" name="TestNg.Q1" tests="1" failures="0" timestamp="1 Mar 2017 04:43:49 GMT" time="101.437" errors="0">
  <testcase name="beforeTest" time="101.437" classname="TestNg.Q1"/>
</testsuite> <!-- TestNg.Q1 -->
