<?xml version="1.0" encoding="UTF-8"?>
<!-- Generated by org.testng.reporters.JUnitReportReporter -->
<testsuite name="BasicCodes.NewTest" tests="3" time="0.050" ignored="0" failures="0" timestamp="24 Nov 2017 20:10:28 GMT" skipped="0" hostname="LAPTOP-A006EMOC" errors="0">
  <testcase name="Login" time="0.010" classname="BasicCodes.NewTest"/>
  <testcase name="Logout" time="0.033" classname="BasicCodes.NewTest"/>
  <testcase name="navigate" time="0.007" classname="BasicCodes.NewTest"/>
</testsuite> <!-- BasicCodes.NewTest -->
