<?xml version="1.0" encoding="UTF-8"?>
<!-- Generated by org.testng.reporters.JUnitReportReporter -->
<testsuite name="testNg.priority" tests="2" time="0.041" ignored="0" failures="0" timestamp="05 Jan 2018 14:35:18 GMT" skipped="0" hostname="LAPTOP-A006EMOC" errors="0">
  <testcase name="test1" time="0.026" classname="testNg.priority"/>
  <testcase name="test" time="0.015" classname="testNg.priority"/>
</testsuite> <!-- testNg.priority -->
