<?xml version="1.0" encoding="UTF-8"?>
<!-- Generated by org.testng.reporters.JUnitReportReporter -->
<testsuite name="BasicCodes.GroupTest1" tests="4" time="0.019" ignored="3" failures="0" timestamp="21 Mar 2019 18:02:04 GMT" skipped="0" hostname="LAPTOP-A006EMOC" errors="0">
  <testcase name="f4" time="0.005" classname="BasicCodes.GroupTest1"/>
  <testcase name="f2" time="0.002" classname="BasicCodes.GroupTest1"/>
  <testcase name="f3" time="0.008" classname="BasicCodes.GroupTest1"/>
  <testcase name="f" time="0.004" classname="BasicCodes.GroupTest1"/>
  <testcase name="f1" classname="BasicCodes.GroupTest1">
    <skipped/>
  </testcase> <!-- f1 -->
  <testcase name="f3" classname="BasicCodes.GroupTest">
    <skipped/>
  </testcase> <!-- f3 -->
  <testcase name="f1" classname="BasicCodes.GroupTest">
    <skipped/>
  </testcase> <!-- f1 -->
</testsuite> <!-- BasicCodes.GroupTest1 -->
