<?xml version="1.0" encoding="UTF-8"?>
<!-- Generated by org.testng.reporters.JUnitReportReporter -->
<testsuite name="BasicCodes.priority_description" tests="3" time="0.051" ignored="0" failures="0" timestamp="21 Mar 2019 18:15:56 GMT" skipped="0" hostname="LAPTOP-A006EMOC" errors="0">
  <testcase name="Login" time="0.007" classname="BasicCodes.priority_description"/>
  <testcase name="Logout" time="0.034" classname="BasicCodes.priority_description"/>
  <testcase name="navigate" time="0.010" classname="BasicCodes.priority_description"/>
</testsuite> <!-- BasicCodes.priority_description -->
