<?xml version="1.0" encoding="UTF-8"?>
<!-- Generated by org.testng.reporters.JUnitReportReporter -->
<testsuite name="testNg.NewTest" tests="1" time="2.652" ignored="0" failures="0" timestamp="01 Jan 2017 11:57:27 GMT" skipped="0" hostname="LAPTOP-A006EMOC" errors="0">
  <testcase name="test" time="2.652" classname="testNg.NewTest"/>
</testsuite> <!-- testNg.NewTest -->
