<?xml version="1.0" encoding="UTF-8"?>
<!-- Generated by org.testng.reporters.JUnitReportReporter -->
<testsuite name="testNg.DataProvider" tests="3" time="15.779" ignored="0" failures="0" timestamp="09 Jan 2017 18:11:10 GMT" skipped="0" hostname="LAPTOP-A006EMOC" errors="0">
  <testcase name="test" time="7.025" classname="testNg.DataProvider"/>
  <testcase name="test" time="4.597" classname="testNg.DataProvider"/>
  <testcase name="test" time="4.157" classname="testNg.DataProvider"/>
</testsuite> <!-- testNg.DataProvider -->
