<?xml version="1.0" encoding="UTF-8"?>
<!-- Generated by org.testng.reporters.JUnitReportReporter -->
<testsuite name="TetstNg.linkedin" tests="1" time="0.003" ignored="0" failures="0" timestamp="17 Nov 2018 03:53:58 GMT" skipped="1" hostname="LAPTOP-A006EMOC" errors="0">
  <testcase name="f" time="0.003" classname="TetstNg.linkedin">
    <skipped/>
  </testcase> <!-- f -->
</testsuite> <!-- TetstNg.linkedin -->
