<?xml version="1.0" encoding="UTF-8"?>
<!-- Generated by org.testng.reporters.JUnitReportReporter -->
<testsuite name="TetstNg.QAAgility" tests="1" time="11.065" ignored="0" failures="0" timestamp="23 Jan 2017 19:18:38 GMT" skipped="0" hostname="LAPTOP-A006EMOC" errors="0">
  <testcase name="f" time="11.065" classname="TetstNg.QAAgility"/>
</testsuite> <!-- TetstNg.QAAgility -->
